<?xml version="1.0" encoding="UTF-8"?>
<!-- Generated by org.testng.reporters.JUnitReportReporter -->
<testsuite hostname="DESKTOP-S5MMF0I" failures="0" tests="1" name="TestCases.EMIcalculatorTest" time="40.380" errors="0" timestamp="2023-05-02T10:41:37 IST" skipped="0">
  <testcase classname="TestCases.EMIcalculatorTest" name="TC01_ExplorePoduct" time="40.380"/>
  <system-out/>
</testsuite> <!-- TestCases.EMIcalculatorTest -->
