<?xml version="1.0" encoding="UTF-8"?>
<!-- Generated by org.testng.reporters.JUnitReportReporter -->
<testsuite hostname="DESKTOP-S5MMF0I" failures="0" tests="1" name="BaseTest.BrowserBaseTest2" time="35.236" errors="0" timestamp="2023-05-09T12:38:02 IST" skipped="0">
  <testcase classname="BaseTest.BrowserBaseTest2" name="AppiumTest" time="35.236"/>
  <system-out/>
</testsuite> <!-- BaseTest.BrowserBaseTest2 -->
