<?xml version="1.0" encoding="UTF-8"?>
<!-- Generated by org.testng.reporters.JUnitReportReporter -->
<testsuite hostname="DESKTOP-S5MMF0I" failures="0" tests="1" name="TestCases.EMIcalculatorTest" time="49.096" errors="0" timestamp="2023-04-10T12:04:38 IST" skipped="0">
  <testcase classname="TestCases.EMIcalculatorTest" name="TC01_ExplorePoduct" time="49.096"/>
  <system-out/>
</testsuite> <!-- TestCases.EMIcalculatorTest -->
